<?xml version="1.0" encoding="UTF-8"?>
<!-- Generated by org.testng.reporters.JUnitReportReporter -->
<testsuite hostname="ThivakarDeivendran" failures="0" tests="5" name="TestClass" time="38.645" errors="0" timestamp="2024-10-24T20:58:58 IST" skipped="0">
  <testcase classname="TestClass" name="TestCase1" time="9.252"/>
  <system-out/>
  <testcase classname="TestClass" name="TestCase2" time="2.409"/>
  <system-out/>
  <testcase classname="TestClass" name="TestCase3" time="9.016"/>
  <system-out/>
  <testcase classname="TestClass" name="TestCase4" time="8.647"/>
  <system-out/>
  <testcase classname="TestClass" name="TestCase5" time="9.321"/>
  <system-out/>
</testsuite> <!-- TestClass -->
